<?xml version="1.0" encoding="UTF-8"?>
<testng-results ignored="0" total="10" passed="10" failed="0" skipped="0">
  <reporter-output>
  </reporter-output>
  <suite started-at="2023-04-01T21:45:20 IST" name="All Test Suite" finished-at="2023-04-01T21:45:20 IST" duration-ms="189">
    <groups>
    </groups>
    <test started-at="2023-04-01T21:45:20 IST" name="G:/TestNG/Project1" finished-at="2023-04-01T21:45:20 IST" duration-ms="189">
      <class name="TestNG.SecondTestingCase">
        <test-method signature="searchCustomer()[pri:1, instance:TestNG.SecondTestingCase@1fb700ee]" started-at="2023-04-01T21:45:20 IST" name="searchCustomer" finished-at="2023-04-01T21:45:20 IST" duration-ms="2" status="PASS">
          <reporter-output>
          </reporter-output>
        </test-method> <!-- searchCustomer -->
        <test-method signature="setup()[pri:2, instance:TestNG.SecondTestingCase@1fb700ee]" started-at="2023-04-01T21:45:20 IST" name="setup" finished-at="2023-04-01T21:45:20 IST" duration-ms="2" status="PASS">
          <reporter-output>
          </reporter-output>
        </test-method> <!-- setup -->
        <test-method signature="addCustomer()[pri:3, instance:TestNG.SecondTestingCase@1fb700ee]" started-at="2023-04-01T21:45:20 IST" name="addCustomer" finished-at="2023-04-01T21:45:20 IST" duration-ms="1" status="PASS">
          <reporter-output>
          </reporter-output>
        </test-method> <!-- addCustomer -->
        <test-method signature="close()[pri:4, instance:TestNG.SecondTestingCase@1fb700ee]" started-at="2023-04-01T21:45:20 IST" name="close" finished-at="2023-04-01T21:45:20 IST" duration-ms="9" status="PASS">
          <reporter-output>
          </reporter-output>
        </test-method> <!-- close -->
      </class> <!-- TestNG.SecondTestingCase -->
      <class name="TestNG.TestCasePriority">
        <test-method signature="close()[pri:-3, instance:TestNG.TestCasePriority@28975c28]" started-at="2023-04-01T21:45:20 IST" name="close" finished-at="2023-04-01T21:45:20 IST" duration-ms="17" status="PASS">
          <reporter-output>
          </reporter-output>
        </test-method> <!-- close -->
        <test-method signature="login()[pri:-2, instance:TestNG.TestCasePriority@28975c28]" started-at="2023-04-01T21:45:20 IST" name="login" finished-at="2023-04-01T21:45:20 IST" duration-ms="1" status="PASS">
          <reporter-output>
          </reporter-output>
        </test-method> <!-- login -->
        <test-method signature="setup()[pri:-1, instance:TestNG.TestCasePriority@28975c28]" started-at="2023-04-01T21:45:20 IST" name="setup" finished-at="2023-04-01T21:45:20 IST" duration-ms="0" status="PASS">
          <reporter-output>
          </reporter-output>
        </test-method> <!-- setup -->
      </class> <!-- TestNG.TestCasePriority -->
      <class name="TestNG.TestingCase">
        <test-method signature="close()[pri:0, instance:TestNG.TestingCase@46fa7c39]" started-at="2023-04-01T21:45:20 IST" name="close" finished-at="2023-04-01T21:45:20 IST" duration-ms="0" status="PASS">
          <reporter-output>
          </reporter-output>
        </test-method> <!-- close -->
        <test-method signature="login()[pri:0, instance:TestNG.TestingCase@46fa7c39]" started-at="2023-04-01T21:45:20 IST" name="login" finished-at="2023-04-01T21:45:20 IST" duration-ms="1" status="PASS">
          <reporter-output>
          </reporter-output>
        </test-method> <!-- login -->
        <test-method signature="setup()[pri:0, instance:TestNG.TestingCase@46fa7c39]" started-at="2023-04-01T21:45:20 IST" name="setup" finished-at="2023-04-01T21:45:20 IST" duration-ms="0" status="PASS">
          <reporter-output>
          </reporter-output>
        </test-method> <!-- setup -->
      </class> <!-- TestNG.TestingCase -->
    </test> <!-- G:/TestNG/Project1 -->
  </suite> <!-- All Test Suite -->
</testng-results>
